2020-05-13 14:35:07 [root] WARNING: {'username': '\n糗友CGLK24\n', 'hello': 'world'}
2020-05-13 14:35:07 [root] WARNING: {'username': '\n-小门神~\n', 'hello': 'world'}
2020-05-13 14:35:07 [root] WARNING: {'username': '\n-小门神~\n', 'hello': 'world'}
2020-05-13 14:35:07 [root] WARNING: {'username': '\n姐姐掉沟里了\n', 'hello': 'world'}
2020-05-13 14:35:07 [root] WARNING: {'username': '\na依然美好\n', 'hello': 'world'}
2020-05-13 14:35:07 [root] WARNING: {'username': '\n无书斋主\n', 'hello': 'world'}
2020-05-13 14:35:07 [root] WARNING: {'username': '\n歌歌哒f\n', 'hello': 'world'}
2020-05-13 14:35:07 [root] WARNING: {'username': '\n山鹰寂寞飞\n', 'hello': 'world'}
2020-05-13 14:35:07 [root] WARNING: {'username': '\n山鹰寂寞飞\n', 'hello': 'world'}
2020-05-13 14:35:07 [root] WARNING: {'username': '\n就是坤\n', 'hello': 'world'}
2020-05-13 14:35:07 [root] WARNING: {'username': '\n诸葛思慧\n', 'hello': 'world'}
2020-05-13 14:35:07 [root] WARNING: {'username': '\n骑着二哈啃黄瓜\n', 'hello': 'world'}
2020-05-13 14:35:07 [root] WARNING: {'username': '\n依丽若水\n', 'hello': 'world'}
2020-05-13 14:35:07 [root] WARNING: {'username': '\n无书斋主\n', 'hello': 'world'}
2020-05-13 14:35:07 [root] WARNING: {'username': '\n诸葛思慧\n', 'hello': 'world'}
2020-05-13 14:35:07 [root] WARNING: {'username': '\n曙光l女神\n', 'hello': 'world'}
2020-05-13 14:35:07 [root] WARNING: {'username': '\n死去的帅哥\n', 'hello': 'world'}
2020-05-13 14:35:07 [root] WARNING: {'username': '\n空城旧梦她与伞\n', 'hello': 'world'}
2020-05-13 14:35:07 [root] WARNING: {'username': '\n姐姐掉沟里了\n', 'hello': 'world'}
2020-05-13 14:35:07 [root] WARNING: {'username': '\n小恩的老公8\n', 'hello': 'world'}
2020-05-13 14:35:07 [root] WARNING: {'username': '\n精灵不次饭~\n', 'hello': 'world'}
2020-05-13 14:35:07 [root] WARNING: {'username': '\n石头，剪刀，破布\n', 'hello': 'world'}
2020-05-13 14:35:07 [root] WARNING: {'username': '\n昭襄王\n', 'hello': 'world'}
2020-05-13 14:35:07 [root] WARNING: {'username': '\n石头，剪刀，破布\n', 'hello': 'world'}
2020-05-13 14:35:07 [root] WARNING: {'username': '\n夏有凉风秋望月\n', 'hello': 'world'}
2020-05-13 14:35:07 [root] WARNING: {'username': '\n歌歌哒f\n', 'hello': 'world'}
